Found 30 chunk files. Aggregating results...
Deleted: results/mcq_results/relevant/mmlu/janus-7b_9.csv
Deleted: results/mcq_results/relevant/mmlu/janus-7b_16.csv
Deleted: results/mcq_results/relevant/mmlu/janus-7b_13.csv
Deleted: results/mcq_results/relevant/mmlu/janus-7b_18.csv
Deleted: results/mcq_results/relevant/mmlu/janus-7b_0.csv
Deleted: results/mcq_results/relevant/mmlu/janus-7b_24.csv
Deleted: results/mcq_results/relevant/mmlu/janus-7b_21.csv
Deleted: results/mcq_results/relevant/mmlu/janus-7b_17.csv
Deleted: results/mcq_results/relevant/mmlu/janus-7b_7.csv
Deleted: results/mcq_results/relevant/mmlu/janus-7b_11.csv
Deleted: results/mcq_results/relevant/mmlu/janus-7b_29.csv
Deleted: results/mcq_results/relevant/mmlu/janus-7b_20.csv
Deleted: results/mcq_results/relevant/mmlu/janus-7b_6.csv
Deleted: results/mcq_results/relevant/mmlu/janus-7b_1.csv
Deleted: results/mcq_results/relevant/mmlu/janus-7b_8.csv
Deleted: results/mcq_results/relevant/mmlu/janus-7b_26.csv
Deleted: results/mcq_results/relevant/mmlu/janus-7b_14.csv
Deleted: results/mcq_results/relevant/mmlu/janus-7b_2.csv
Deleted: results/mcq_results/relevant/mmlu/janus-7b_12.csv
Deleted: results/mcq_results/relevant/mmlu/janus-7b_25.csv
Deleted: results/mcq_results/relevant/mmlu/janus-7b_23.csv
Deleted: results/mcq_results/relevant/mmlu/janus-7b_28.csv
Deleted: results/mcq_results/relevant/mmlu/janus-7b_4.csv
Deleted: results/mcq_results/relevant/mmlu/janus-7b_5.csv
Deleted: results/mcq_results/relevant/mmlu/janus-7b_3.csv
Deleted: results/mcq_results/relevant/mmlu/janus-7b_22.csv
Deleted: results/mcq_results/relevant/mmlu/janus-7b_27.csv
Deleted: results/mcq_results/relevant/mmlu/janus-7b_15.csv
Deleted: results/mcq_results/relevant/mmlu/janus-7b_19.csv
Deleted: results/mcq_results/relevant/mmlu/janus-7b_10.csv
profile_0_answer_accuracy: 36.13%
profile_1_answer_accuracy: 45.09%
profile_2_answer_accuracy: 36.85%
profile_3_answer_accuracy: 46.02%
profile_4_answer_accuracy: 43.17%
profile_5_answer_accuracy: 42.07%
profile_6_answer_accuracy: 44.99%
profile_7_answer_accuracy: 44.91%
profile_8_answer_accuracy: 41.45%
profile_9_answer_accuracy: 44.02%
profile_10_answer_accuracy: 44.91%
profile_11_answer_accuracy: 43.11%
lenght of final df is 5170
Aggregated results saved at: results/mcq_results/relevant/mmlu/janus-7b_final.csv
